<?xml version="1.0" encoding="UTF-8"?>
<testsuite xmlns:xsi="http://www.w3.org/2001/XMLSchema-instance" xsi:noNamespaceSchemaLocation="https://maven.apache.org/surefire/maven-surefire-plugin/xsd/surefire-test-report.xsd" name="org.jboss.as.quickstarts.cmt.ejb.CustomerManagerEJBTest" time="0.075" tests="1" errors="0" skipped="0" failures="0">
  <properties>
    <property name="java.specification.version" value="18"/>
    <property name="sun.jnu.encoding" value="UTF-8"/>
    <property name="java.class.path" value="/Users/thomas/IdeaProjects/JeeExamples.bak/cmt/target/test-classes:/Users/thomas/IdeaProjects/JeeExamples.bak/cmt/target/classes:/Users/thomas/.m2/repository/jakarta/inject/jakarta.inject-api/1.0.3.redhat-00001/jakarta.inject-api-1.0.3.redhat-00001.jar:/Users/thomas/.m2/repository/junit/junit/4.13.1/junit-4.13.1.jar:/Users/thomas/.m2/repository/org/hamcrest/hamcrest-core/1.3/hamcrest-core-1.3.jar:/Users/thomas/.m2/repository/jakarta/persistence/jakarta.persistence-api/2.2.3.redhat-00001/jakarta.persistence-api-2.2.3.redhat-00001.jar:/Users/thomas/.m2/repository/org/jboss/spec/javax/ejb/jboss-ejb-api_3.2_spec/2.0.0.Final-redhat-00001/jboss-ejb-api_3.2_spec-2.0.0.Final-redhat-00001.jar:/Users/thomas/.m2/repository/org/jboss/spec/javax/faces/jboss-jsf-api_2.3_spec/3.0.0.SP04-redhat-00001/jboss-jsf-api_2.3_spec-3.0.0.SP04-redhat-00001.jar:/Users/thomas/.m2/repository/org/jboss/spec/javax/jms/jboss-jms-api_2.0_spec/2.0.0.Final-redhat-00001/jboss-jms-api_2.0_spec-2.0.0.Final-redhat-00001.jar:/Users/thomas/.m2/repository/org/jboss/spec/javax/transaction/jboss-transaction-api_1.3_spec/2.0.0.Final-redhat-00005/jboss-transaction-api_1.3_spec-2.0.0.Final-redhat-00005.jar:/Users/thomas/.m2/repository/org/jboss/spec/javax/annotation/jboss-annotations-api_1.3_spec/2.0.1.Final-redhat-00001/jboss-annotations-api_1.3_spec-2.0.1.Final-redhat-00001.jar:"/>
    <property name="java.vm.vendor" value="Oracle Corporation"/>
    <property name="sun.arch.data.model" value="64"/>
    <property name="java.vendor.url" value="https://java.oracle.com/"/>
    <property name="os.name" value="Mac OS X"/>
    <property name="java.vm.specification.version" value="18"/>
    <property name="sun.java.launcher" value="SUN_STANDARD"/>
    <property name="user.country" value="DE"/>
    <property name="sun.boot.library.path" value="/Library/Java/JavaVirtualMachines/jdk-18.0.2.1.jdk/Contents/Home/lib"/>
    <property name="sun.java.command" value="/Users/thomas/IdeaProjects/JeeExamples.bak/cmt/target/surefire/surefirebooter6169745822624289520.jar /Users/thomas/IdeaProjects/JeeExamples.bak/cmt/target/surefire 2023-06-25T14-37-19_056-jvmRun1 surefire15290130506184001108tmp surefire_03947135773449778682tmp"/>
    <property name="http.nonProxyHosts" value="local|*.local|169.254/16|*.169.254/16"/>
    <property name="jdk.debug" value="release"/>
    <property name="surefire.test.class.path" value="/Users/thomas/IdeaProjects/JeeExamples.bak/cmt/target/test-classes:/Users/thomas/IdeaProjects/JeeExamples.bak/cmt/target/classes:/Users/thomas/.m2/repository/jakarta/inject/jakarta.inject-api/1.0.3.redhat-00001/jakarta.inject-api-1.0.3.redhat-00001.jar:/Users/thomas/.m2/repository/junit/junit/4.13.1/junit-4.13.1.jar:/Users/thomas/.m2/repository/org/hamcrest/hamcrest-core/1.3/hamcrest-core-1.3.jar:/Users/thomas/.m2/repository/jakarta/persistence/jakarta.persistence-api/2.2.3.redhat-00001/jakarta.persistence-api-2.2.3.redhat-00001.jar:/Users/thomas/.m2/repository/org/jboss/spec/javax/ejb/jboss-ejb-api_3.2_spec/2.0.0.Final-redhat-00001/jboss-ejb-api_3.2_spec-2.0.0.Final-redhat-00001.jar:/Users/thomas/.m2/repository/org/jboss/spec/javax/faces/jboss-jsf-api_2.3_spec/3.0.0.SP04-redhat-00001/jboss-jsf-api_2.3_spec-3.0.0.SP04-redhat-00001.jar:/Users/thomas/.m2/repository/org/jboss/spec/javax/jms/jboss-jms-api_2.0_spec/2.0.0.Final-redhat-00001/jboss-jms-api_2.0_spec-2.0.0.Final-redhat-00001.jar:/Users/thomas/.m2/repository/org/jboss/spec/javax/transaction/jboss-transaction-api_1.3_spec/2.0.0.Final-redhat-00005/jboss-transaction-api_1.3_spec-2.0.0.Final-redhat-00005.jar:/Users/thomas/.m2/repository/org/jboss/spec/javax/annotation/jboss-annotations-api_1.3_spec/2.0.1.Final-redhat-00001/jboss-annotations-api_1.3_spec-2.0.1.Final-redhat-00001.jar:"/>
    <property name="sun.cpu.endian" value="little"/>
    <property name="user.home" value="/Users/thomas"/>
    <property name="user.language" value="de"/>
    <property name="java.specification.vendor" value="Oracle Corporation"/>
    <property name="java.version.date" value="2022-08-18"/>
    <property name="java.home" value="/Library/Java/JavaVirtualMachines/jdk-18.0.2.1.jdk/Contents/Home"/>
    <property name="file.separator" value="/"/>
    <property name="basedir" value="/Users/thomas/IdeaProjects/JeeExamples.bak/cmt"/>
    <property name="java.vm.compressedOopsMode" value="Zero based"/>
    <property name="line.separator" value="&#10;"/>
    <property name="java.specification.name" value="Java Platform API Specification"/>
    <property name="java.vm.specification.vendor" value="Oracle Corporation"/>
    <property name="apple.awt.application.name" value="ForkedBooter"/>
    <property name="surefire.real.class.path" value="/Users/thomas/IdeaProjects/JeeExamples.bak/cmt/target/surefire/surefirebooter6169745822624289520.jar"/>
    <property name="sun.management.compiler" value="HotSpot 64-Bit Tiered Compilers"/>
    <property name="ftp.nonProxyHosts" value="local|*.local|169.254/16|*.169.254/16"/>
    <property name="java.runtime.version" value="18.0.2.1+1-1"/>
    <property name="user.name" value="thomas"/>
    <property name="path.separator" value=":"/>
    <property name="os.version" value="10.15.7"/>
    <property name="java.runtime.name" value="Java(TM) SE Runtime Environment"/>
    <property name="file.encoding" value="UTF-8"/>
    <property name="java.vm.name" value="Java HotSpot(TM) 64-Bit Server VM"/>
    <property name="localRepository" value="/Users/thomas/.m2/repository"/>
    <property name="java.vendor.url.bug" value="https://bugreport.java.com/bugreport/"/>
    <property name="java.io.tmpdir" value="/Users/thomas/IdeaProjects/JeeExamples.bak/cmt/target"/>
    <property name="java.version" value="18.0.2.1"/>
    <property name="user.dir" value="/Users/thomas/IdeaProjects/JeeExamples.bak/cmt"/>
    <property name="os.arch" value="x86_64"/>
    <property name="java.vm.specification.name" value="Java Virtual Machine Specification"/>
    <property name="native.encoding" value="UTF-8"/>
    <property name="java.library.path" value="/Users/thomas/Library/Java/Extensions:/Library/Java/Extensions:/Network/Library/Java/Extensions:/System/Library/Java/Extensions:/usr/lib/java:."/>
    <property name="java.vm.info" value="mixed mode, sharing"/>
    <property name="java.vendor" value="Oracle Corporation"/>
    <property name="java.vm.version" value="18.0.2.1+1-1"/>
    <property name="sun.io.unicode.encoding" value="UnicodeBig"/>
    <property name="socksNonProxyHosts" value="local|*.local|169.254/16|*.169.254/16"/>
    <property name="java.class.version" value="62.0"/>
  </properties>
  <testcase name="testNameIsValid" classname="org.jboss.as.quickstarts.cmt.ejb.CustomerManagerEJBTest" time="0.009"/>
</testsuite>