<?xml version="1.0" encoding="UTF-8"?>
<testsuite xmlns:xsi="http://www.w3.org/2001/XMLSchema-instance" xsi:noNamespaceSchemaLocation="https://maven.apache.org/surefire/maven-surefire-plugin/xsd/surefire-test-report.xsd" name="org.jboss.as.quickstarts.kitchensink.spring.springmvctest.test.MemberMockMVCTest" time="3.326" tests="2" errors="0" skipped="0" failures="0">
  <properties>
    <property name="java.specification.version" value="18"/>
    <property name="sun.jnu.encoding" value="UTF-8"/>
    <property name="java.class.path" value="/Users/thomas/IdeaProjects/jboss-eap-quickstarts/spring-kitchensink-springmvctest/target/test-classes:/Users/thomas/IdeaProjects/jboss-eap-quickstarts/spring-kitchensink-springmvctest/target/classes:/Users/thomas/.m2/repository/com/fasterxml/jackson/core/jackson-core/2.12.1.redhat-00001/jackson-core-2.12.1.redhat-00001.jar:/Users/thomas/.m2/repository/com/fasterxml/jackson/core/jackson-databind/2.12.1.redhat-00001/jackson-databind-2.12.1.redhat-00001.jar:/Users/thomas/.m2/repository/com/fasterxml/jackson/core/jackson-annotations/2.12.1.redhat-00001/jackson-annotations-2.12.1.redhat-00001.jar:/Users/thomas/.m2/repository/com/h2database/h2/1.4.197.redhat-00001/h2-1.4.197.redhat-00001.jar:/Users/thomas/.m2/repository/com/jayway/jsonpath/json-path/2.0.0/json-path-2.0.0.jar:/Users/thomas/.m2/repository/org/slf4j/slf4j-api/1.7.22.redhat-2/slf4j-api-1.7.22.redhat-2.jar:/Users/thomas/.m2/repository/net/minidev/json-smart/2.1.1/json-smart-2.1.1.jar:/Users/thomas/.m2/repository/net/minidev/asm/1.0.2/asm-1.0.2.jar:/Users/thomas/.m2/repository/asm/asm/3.3.1/asm-3.3.1.jar:/Users/thomas/.m2/repository/junit/junit/4.13.1/junit-4.13.1.jar:/Users/thomas/.m2/repository/org/hamcrest/hamcrest-core/1.3/hamcrest-core-1.3.jar:/Users/thomas/.m2/repository/org/apache/taglibs/taglibs-standard-impl/1.2.6.RC1-redhat-1/taglibs-standard-impl-1.2.6.RC1-redhat-1.jar:/Users/thomas/.m2/repository/org/apache/taglibs/taglibs-standard-spec/1.2.6.RC1-redhat-1/taglibs-standard-spec-1.2.6.RC1-redhat-1.jar:/Users/thomas/.m2/repository/org/hibernate/hibernate-entitymanager/5.3.20.Final-redhat-00001/hibernate-entitymanager-5.3.20.Final-redhat-00001.jar:/Users/thomas/.m2/repository/org/jboss/logging/jboss-logging/3.4.1.Final-redhat-00001/jboss-logging-3.4.1.Final-redhat-00001.jar:/Users/thomas/.m2/repository/org/hibernate/hibernate-core/5.3.20.Final-redhat-00001/hibernate-core-5.3.20.Final-redhat-00001.jar:/Users/thomas/.m2/repository/org/javassist/javassist/3.23.2.GA-redhat-00001/javassist-3.23.2.GA-redhat-00001.jar:/Users/thomas/.m2/repository/antlr/antlr/2.7.7.redhat-7/antlr-2.7.7.redhat-7.jar:/Users/thomas/.m2/repository/org/jboss/jandex/2.2.3.Final-redhat-00001/jandex-2.2.3.Final-redhat-00001.jar:/Users/thomas/.m2/repository/javax/xml/bind/jaxb-api/2.4.0-b180830.0359/jaxb-api-2.4.0-b180830.0359.jar:/Users/thomas/.m2/repository/org/glassfish/jaxb/jaxb-runtime/2.3.3.b02-redhat-00001/jaxb-runtime-2.3.3.b02-redhat-00001.jar:/Users/thomas/.m2/repository/jakarta/xml/bind/jakarta.xml.bind-api/2.3.2/jakarta.xml.bind-api-2.3.2.jar:/Users/thomas/.m2/repository/org/glassfish/jaxb/txw2/2.3.3.b02-redhat-00001/txw2-2.3.3.b02-redhat-00001.jar:/Users/thomas/.m2/repository/com/sun/istack/istack-commons-runtime/3.0.10.redhat-00001/istack-commons-runtime-3.0.10.redhat-00001.jar:/Users/thomas/.m2/repository/com/sun/activation/jakarta.activation/1.2.2.redhat-00001/jakarta.activation-1.2.2.redhat-00001.jar:/Users/thomas/.m2/repository/org/dom4j/dom4j/2.1.3.redhat-00001/dom4j-2.1.3.redhat-00001.jar:/Users/thomas/.m2/repository/org/hibernate/common/hibernate-commons-annotations/5.0.5.Final-redhat-00002/hibernate-commons-annotations-5.0.5.Final-redhat-00002.jar:/Users/thomas/.m2/repository/net/bytebuddy/byte-buddy/1.9.11.redhat-00003/byte-buddy-1.9.11.redhat-00003.jar:/Users/thomas/.m2/repository/org/hibernate/validator/hibernate-validator/6.0.22.Final-redhat-00002/hibernate-validator-6.0.22.Final-redhat-00002.jar:/Users/thomas/.m2/repository/com/fasterxml/classmate/1.5.1.redhat-00001/classmate-1.5.1.redhat-00001.jar:/Users/thomas/.m2/repository/jakarta/validation/jakarta.validation-api/2.0.2.redhat-00001/jakarta.validation-api-2.0.2.redhat-00001.jar:/Users/thomas/.m2/repository/org/hibernate/validator/hibernate-validator-annotation-processor/6.0.22.Final-redhat-00002/hibernate-validator-annotation-processor-6.0.22.Final-redhat-00002.jar:/Users/thomas/.m2/repository/jakarta/persistence/jakarta.persistence-api/2.2.3.redhat-00001/jakarta.persistence-api-2.2.3.redhat-00001.jar:/Users/thomas/.m2/repository/org/jboss/spec/javax/servlet/jboss-servlet-api_4.0_spec/2.0.0.Final-redhat-00001/jboss-servlet-api_4.0_spec-2.0.0.Final-redhat-00001.jar:/Users/thomas/.m2/repository/org/jboss/spec/javax/servlet/jsp/jboss-jsp-api_2.3_spec/2.0.0.Final-redhat-00001/jboss-jsp-api_2.3_spec-2.0.0.Final-redhat-00001.jar:/Users/thomas/.m2/repository/org/jboss/spec/javax/transaction/jboss-transaction-api_1.3_spec/2.0.0.Final-redhat-00005/jboss-transaction-api_1.3_spec-2.0.0.Final-redhat-00005.jar:/Users/thomas/.m2/repository/org/jboss/spec/javax/xml/bind/jboss-jaxb-api_2.3_spec/2.0.1.Final-redhat-00001/jboss-jaxb-api_2.3_spec-2.0.1.Final-redhat-00001.jar:/Users/thomas/.m2/repository/org/springframework/spring-aop/5.2.4.RELEASE/spring-aop-5.2.4.RELEASE.jar:/Users/thomas/.m2/repository/org/springframework/spring-beans/5.2.4.RELEASE/spring-beans-5.2.4.RELEASE.jar:/Users/thomas/.m2/repository/org/springframework/spring-context/5.2.4.RELEASE/spring-context-5.2.4.RELEASE.jar:/Users/thomas/.m2/repository/org/springframework/spring-context-support/5.2.4.RELEASE/spring-context-support-5.2.4.RELEASE.jar:/Users/thomas/.m2/repository/org/springframework/spring-core/5.2.4.RELEASE/spring-core-5.2.4.RELEASE.jar:/Users/thomas/.m2/repository/org/springframework/spring-jcl/5.2.4.RELEASE/spring-jcl-5.2.4.RELEASE.jar:/Users/thomas/.m2/repository/org/springframework/spring-expression/5.2.4.RELEASE/spring-expression-5.2.4.RELEASE.jar:/Users/thomas/.m2/repository/org/springframework/spring-jdbc/5.2.4.RELEASE/spring-jdbc-5.2.4.RELEASE.jar:/Users/thomas/.m2/repository/org/springframework/spring-orm/5.2.4.RELEASE/spring-orm-5.2.4.RELEASE.jar:/Users/thomas/.m2/repository/org/springframework/spring-test/5.2.4.RELEASE/spring-test-5.2.4.RELEASE.jar:/Users/thomas/.m2/repository/org/springframework/spring-tx/5.2.4.RELEASE/spring-tx-5.2.4.RELEASE.jar:/Users/thomas/.m2/repository/org/springframework/spring-web/5.2.4.RELEASE/spring-web-5.2.4.RELEASE.jar:/Users/thomas/.m2/repository/org/springframework/spring-webmvc/5.2.4.RELEASE/spring-webmvc-5.2.4.RELEASE.jar:"/>
    <property name="java.vm.vendor" value="Oracle Corporation"/>
    <property name="sun.arch.data.model" value="64"/>
    <property name="java.vendor.url" value="https://java.oracle.com/"/>
    <property name="os.name" value="Mac OS X"/>
    <property name="java.vm.specification.version" value="18"/>
    <property name="sun.java.launcher" value="SUN_STANDARD"/>
    <property name="user.country" value="DE"/>
    <property name="sun.boot.library.path" value="/Library/Java/JavaVirtualMachines/jdk-18.0.2.1.jdk/Contents/Home/lib"/>
    <property name="sun.java.command" value="/Users/thomas/IdeaProjects/jboss-eap-quickstarts/spring-kitchensink-springmvctest/target/surefire/surefirebooter15993508832320939450.jar /Users/thomas/IdeaProjects/jboss-eap-quickstarts/spring-kitchensink-springmvctest/target/surefire 2023-06-25T12-33-05_688-jvmRun1 surefire17943613955656997758tmp surefire_33119675123363048024tmp"/>
    <property name="http.nonProxyHosts" value="local|*.local|169.254/16|*.169.254/16"/>
    <property name="jdk.debug" value="release"/>
    <property name="surefire.test.class.path" value="/Users/thomas/IdeaProjects/jboss-eap-quickstarts/spring-kitchensink-springmvctest/target/test-classes:/Users/thomas/IdeaProjects/jboss-eap-quickstarts/spring-kitchensink-springmvctest/target/classes:/Users/thomas/.m2/repository/com/fasterxml/jackson/core/jackson-core/2.12.1.redhat-00001/jackson-core-2.12.1.redhat-00001.jar:/Users/thomas/.m2/repository/com/fasterxml/jackson/core/jackson-databind/2.12.1.redhat-00001/jackson-databind-2.12.1.redhat-00001.jar:/Users/thomas/.m2/repository/com/fasterxml/jackson/core/jackson-annotations/2.12.1.redhat-00001/jackson-annotations-2.12.1.redhat-00001.jar:/Users/thomas/.m2/repository/com/h2database/h2/1.4.197.redhat-00001/h2-1.4.197.redhat-00001.jar:/Users/thomas/.m2/repository/com/jayway/jsonpath/json-path/2.0.0/json-path-2.0.0.jar:/Users/thomas/.m2/repository/org/slf4j/slf4j-api/1.7.22.redhat-2/slf4j-api-1.7.22.redhat-2.jar:/Users/thomas/.m2/repository/net/minidev/json-smart/2.1.1/json-smart-2.1.1.jar:/Users/thomas/.m2/repository/net/minidev/asm/1.0.2/asm-1.0.2.jar:/Users/thomas/.m2/repository/asm/asm/3.3.1/asm-3.3.1.jar:/Users/thomas/.m2/repository/junit/junit/4.13.1/junit-4.13.1.jar:/Users/thomas/.m2/repository/org/hamcrest/hamcrest-core/1.3/hamcrest-core-1.3.jar:/Users/thomas/.m2/repository/org/apache/taglibs/taglibs-standard-impl/1.2.6.RC1-redhat-1/taglibs-standard-impl-1.2.6.RC1-redhat-1.jar:/Users/thomas/.m2/repository/org/apache/taglibs/taglibs-standard-spec/1.2.6.RC1-redhat-1/taglibs-standard-spec-1.2.6.RC1-redhat-1.jar:/Users/thomas/.m2/repository/org/hibernate/hibernate-entitymanager/5.3.20.Final-redhat-00001/hibernate-entitymanager-5.3.20.Final-redhat-00001.jar:/Users/thomas/.m2/repository/org/jboss/logging/jboss-logging/3.4.1.Final-redhat-00001/jboss-logging-3.4.1.Final-redhat-00001.jar:/Users/thomas/.m2/repository/org/hibernate/hibernate-core/5.3.20.Final-redhat-00001/hibernate-core-5.3.20.Final-redhat-00001.jar:/Users/thomas/.m2/repository/org/javassist/javassist/3.23.2.GA-redhat-00001/javassist-3.23.2.GA-redhat-00001.jar:/Users/thomas/.m2/repository/antlr/antlr/2.7.7.redhat-7/antlr-2.7.7.redhat-7.jar:/Users/thomas/.m2/repository/org/jboss/jandex/2.2.3.Final-redhat-00001/jandex-2.2.3.Final-redhat-00001.jar:/Users/thomas/.m2/repository/javax/xml/bind/jaxb-api/2.4.0-b180830.0359/jaxb-api-2.4.0-b180830.0359.jar:/Users/thomas/.m2/repository/org/glassfish/jaxb/jaxb-runtime/2.3.3.b02-redhat-00001/jaxb-runtime-2.3.3.b02-redhat-00001.jar:/Users/thomas/.m2/repository/jakarta/xml/bind/jakarta.xml.bind-api/2.3.2/jakarta.xml.bind-api-2.3.2.jar:/Users/thomas/.m2/repository/org/glassfish/jaxb/txw2/2.3.3.b02-redhat-00001/txw2-2.3.3.b02-redhat-00001.jar:/Users/thomas/.m2/repository/com/sun/istack/istack-commons-runtime/3.0.10.redhat-00001/istack-commons-runtime-3.0.10.redhat-00001.jar:/Users/thomas/.m2/repository/com/sun/activation/jakarta.activation/1.2.2.redhat-00001/jakarta.activation-1.2.2.redhat-00001.jar:/Users/thomas/.m2/repository/org/dom4j/dom4j/2.1.3.redhat-00001/dom4j-2.1.3.redhat-00001.jar:/Users/thomas/.m2/repository/org/hibernate/common/hibernate-commons-annotations/5.0.5.Final-redhat-00002/hibernate-commons-annotations-5.0.5.Final-redhat-00002.jar:/Users/thomas/.m2/repository/net/bytebuddy/byte-buddy/1.9.11.redhat-00003/byte-buddy-1.9.11.redhat-00003.jar:/Users/thomas/.m2/repository/org/hibernate/validator/hibernate-validator/6.0.22.Final-redhat-00002/hibernate-validator-6.0.22.Final-redhat-00002.jar:/Users/thomas/.m2/repository/com/fasterxml/classmate/1.5.1.redhat-00001/classmate-1.5.1.redhat-00001.jar:/Users/thomas/.m2/repository/jakarta/validation/jakarta.validation-api/2.0.2.redhat-00001/jakarta.validation-api-2.0.2.redhat-00001.jar:/Users/thomas/.m2/repository/org/hibernate/validator/hibernate-validator-annotation-processor/6.0.22.Final-redhat-00002/hibernate-validator-annotation-processor-6.0.22.Final-redhat-00002.jar:/Users/thomas/.m2/repository/jakarta/persistence/jakarta.persistence-api/2.2.3.redhat-00001/jakarta.persistence-api-2.2.3.redhat-00001.jar:/Users/thomas/.m2/repository/org/jboss/spec/javax/servlet/jboss-servlet-api_4.0_spec/2.0.0.Final-redhat-00001/jboss-servlet-api_4.0_spec-2.0.0.Final-redhat-00001.jar:/Users/thomas/.m2/repository/org/jboss/spec/javax/servlet/jsp/jboss-jsp-api_2.3_spec/2.0.0.Final-redhat-00001/jboss-jsp-api_2.3_spec-2.0.0.Final-redhat-00001.jar:/Users/thomas/.m2/repository/org/jboss/spec/javax/transaction/jboss-transaction-api_1.3_spec/2.0.0.Final-redhat-00005/jboss-transaction-api_1.3_spec-2.0.0.Final-redhat-00005.jar:/Users/thomas/.m2/repository/org/jboss/spec/javax/xml/bind/jboss-jaxb-api_2.3_spec/2.0.1.Final-redhat-00001/jboss-jaxb-api_2.3_spec-2.0.1.Final-redhat-00001.jar:/Users/thomas/.m2/repository/org/springframework/spring-aop/5.2.4.RELEASE/spring-aop-5.2.4.RELEASE.jar:/Users/thomas/.m2/repository/org/springframework/spring-beans/5.2.4.RELEASE/spring-beans-5.2.4.RELEASE.jar:/Users/thomas/.m2/repository/org/springframework/spring-context/5.2.4.RELEASE/spring-context-5.2.4.RELEASE.jar:/Users/thomas/.m2/repository/org/springframework/spring-context-support/5.2.4.RELEASE/spring-context-support-5.2.4.RELEASE.jar:/Users/thomas/.m2/repository/org/springframework/spring-core/5.2.4.RELEASE/spring-core-5.2.4.RELEASE.jar:/Users/thomas/.m2/repository/org/springframework/spring-jcl/5.2.4.RELEASE/spring-jcl-5.2.4.RELEASE.jar:/Users/thomas/.m2/repository/org/springframework/spring-expression/5.2.4.RELEASE/spring-expression-5.2.4.RELEASE.jar:/Users/thomas/.m2/repository/org/springframework/spring-jdbc/5.2.4.RELEASE/spring-jdbc-5.2.4.RELEASE.jar:/Users/thomas/.m2/repository/org/springframework/spring-orm/5.2.4.RELEASE/spring-orm-5.2.4.RELEASE.jar:/Users/thomas/.m2/repository/org/springframework/spring-test/5.2.4.RELEASE/spring-test-5.2.4.RELEASE.jar:/Users/thomas/.m2/repository/org/springframework/spring-tx/5.2.4.RELEASE/spring-tx-5.2.4.RELEASE.jar:/Users/thomas/.m2/repository/org/springframework/spring-web/5.2.4.RELEASE/spring-web-5.2.4.RELEASE.jar:/Users/thomas/.m2/repository/org/springframework/spring-webmvc/5.2.4.RELEASE/spring-webmvc-5.2.4.RELEASE.jar:"/>
    <property name="sun.cpu.endian" value="little"/>
    <property name="user.home" value="/Users/thomas"/>
    <property name="user.language" value="de"/>
    <property name="java.specification.vendor" value="Oracle Corporation"/>
    <property name="java.version.date" value="2022-08-18"/>
    <property name="java.home" value="/Library/Java/JavaVirtualMachines/jdk-18.0.2.1.jdk/Contents/Home"/>
    <property name="file.separator" value="/"/>
    <property name="basedir" value="/Users/thomas/IdeaProjects/jboss-eap-quickstarts/spring-kitchensink-springmvctest"/>
    <property name="java.vm.compressedOopsMode" value="Zero based"/>
    <property name="line.separator" value="&#10;"/>
    <property name="java.specification.name" value="Java Platform API Specification"/>
    <property name="java.vm.specification.vendor" value="Oracle Corporation"/>
    <property name="apple.awt.application.name" value="ForkedBooter"/>
    <property name="surefire.real.class.path" value="/Users/thomas/IdeaProjects/jboss-eap-quickstarts/spring-kitchensink-springmvctest/target/surefire/surefirebooter15993508832320939450.jar"/>
    <property name="sun.management.compiler" value="HotSpot 64-Bit Tiered Compilers"/>
    <property name="ftp.nonProxyHosts" value="local|*.local|169.254/16|*.169.254/16"/>
    <property name="java.runtime.version" value="18.0.2.1+1-1"/>
    <property name="user.name" value="thomas"/>
    <property name="path.separator" value=":"/>
    <property name="os.version" value="10.15.7"/>
    <property name="java.runtime.name" value="Java(TM) SE Runtime Environment"/>
    <property name="file.encoding" value="UTF-8"/>
    <property name="java.vm.name" value="Java HotSpot(TM) 64-Bit Server VM"/>
    <property name="localRepository" value="/Users/thomas/.m2/repository"/>
    <property name="java.vendor.url.bug" value="https://bugreport.java.com/bugreport/"/>
    <property name="java.io.tmpdir" value="/Users/thomas/IdeaProjects/jboss-eap-quickstarts/spring-kitchensink-springmvctest/target"/>
    <property name="java.version" value="18.0.2.1"/>
    <property name="user.dir" value="/Users/thomas/IdeaProjects/jboss-eap-quickstarts/spring-kitchensink-springmvctest"/>
    <property name="os.arch" value="x86_64"/>
    <property name="java.vm.specification.name" value="Java Virtual Machine Specification"/>
    <property name="native.encoding" value="UTF-8"/>
    <property name="java.library.path" value="/Users/thomas/Library/Java/Extensions:/Library/Java/Extensions:/Network/Library/Java/Extensions:/System/Library/Java/Extensions:/usr/lib/java:."/>
    <property name="java.vm.info" value="mixed mode, sharing"/>
    <property name="java.vendor" value="Oracle Corporation"/>
    <property name="java.vm.version" value="18.0.2.1+1-1"/>
    <property name="sun.io.unicode.encoding" value="UnicodeBig"/>
    <property name="socksNonProxyHosts" value="local|*.local|169.254/16|*.169.254/16"/>
    <property name="java.class.version" value="62.0"/>
  </properties>
  <testcase name="getAccount" classname="org.jboss.as.quickstarts.kitchensink.spring.springmvctest.test.MemberMockMVCTest" time="0.298"/>
  <testcase name="getAccountClient" classname="org.jboss.as.quickstarts.kitchensink.spring.springmvctest.test.MemberMockMVCTest" time="0.061"/>
</testsuite>